TN:
SF:src\async.js
FN:3,getUsers
FN:8,(anonymous_1)
FNF:2
FNH:2
FNDA:2,getUsers
FNDA:2,(anonymous_1)
DA:1,1
DA:4,2
DA:5,2
DA:8,1
DA:9,2
DA:16,1
DA:18,1
DA:22,1
LF:8
LH:8
BRF:0
BRH:0
end_of_record
TN:
SF:src\prefixString.js
FN:1,(anonymous_0)
FNF:1
FNH:1
FNDA:3,(anonymous_0)
DA:1,1
DA:2,3
DA:3,3
DA:4,6
DA:6,6
DA:10,1
DA:13,5
DA:14,1
DA:17,1
DA:19,1
LF:10
LH:10
BRDA:6,0,0,1
BRDA:6,0,1,5
BRDA:7,1,0,6
BRDA:7,1,1,6
BRDA:13,2,0,1
BRDA:13,2,1,4
BRF:6
BRH:6
end_of_record
TN:
SF:src\subs.js
FN:1,sub
FNF:1
FNH:1
FNDA:2,sub
DA:2,2
DA:3,1
DA:4,1
DA:6,1
LF:4
LH:4
BRDA:2,0,0,1
BRDA:2,0,1,1
BRF:2
BRH:2
end_of_record
TN:
SF:src\sum.js
FN:1,sum
FNF:1
FNH:1
FNDA:3,sum
DA:2,3
DA:3,1
DA:4,2
DA:5,1
DA:6,1
DA:8,1
LF:6
LH:6
BRDA:2,0,0,1
BRDA:2,0,1,2
BRDA:4,1,0,1
BRDA:4,1,1,1
BRF:4
BRH:4
end_of_record
